<?xml version="1.0" encoding="UTF-8"?>
<!-- Generated by org.testng.reporters.JUnitXMLReporter -->
<<<<<<< HEAD
<testsuite ignored="0" hostname="LAPTOP-J1DRFQ3J" failures="1" tests="3" name="Error" time="21.653" errors="0" timestamp="07 Oct 2022 13:48:46 GMT">
  <testcase classname="aayushpatelframework.TestCases.ErrorValidationTest" name="loginValidation" time="0.654"/>
  <testcase classname="aayushpatelframework.TestCases.ErrorValidationTest" name="loginValidationerror" time="0.721">
=======
<testsuite hostname="Patel" ignored="0" name="Error" tests="3" failures="1" timestamp="07 Oct 2022 13:17:57 GMT" time="39.034" errors="0">
  <testcase name="loginValidation" time="1.28" classname="aayushpatelframework.TestCases.ErrorValidationTest"/>
  <testcase name="loginValidationerror" time="1.365" classname="aayushpatelframework.TestCases.ErrorValidationTest">
>>>>>>> 10aa02174a837359e855d60a76636420b4a6119a
    <failure type="java.lang.AssertionError" message="expected [Incorrect emai or password.] but found [Incorrect email or password.]">
      <![CDATA[java.lang.AssertionError: expected [Incorrect emai or password.] but found [Incorrect email or password.]
at aayushpatelframework.TestCases.ErrorValidationTest.loginValidationerror(ErrorValidationTest.java:24)
... Removed 31 stack frames]]>
    </failure>
  </testcase> <!-- loginValidationerror -->
<<<<<<< HEAD
  <testcase classname="aayushpatelframework.TestCases.ErrorValidationTest" name="productValidation" time="2.747"/>
=======
  <testcase name="productValidation" time="10.261" classname="aayushpatelframework.TestCases.ErrorValidationTest"/>
>>>>>>> 10aa02174a837359e855d60a76636420b4a6119a
</testsuite> <!-- Error -->
