<?xml version="1.0" encoding="UTF-8"?>
<testng-results ignored="0" total="6" passed="5" failed="1" skipped="0">
  <reporter-output>
  </reporter-output>
  <suite started-at="2022-10-07T14:20:24Z" name="Suite" finished-at="2022-10-07T14:21:59Z" duration-ms="94950">
    <groups>
      <group name="purchase">
        <method signature="StandaloneTest.E2Eorder(java.util.HashMap)[pri:0, instance:aayushpatelframework.TestCases.StandaloneTest@62ef27a8]" name="E2Eorder" class="aayushpatelframework.TestCases.StandaloneTest"/>
      </group> <!-- purchase -->
    </groups>
    <test started-at="2022-10-07T14:20:24Z" name="SubmitOrder" finished-at="2022-10-07T14:21:21Z" duration-ms="56708">
      <class name="aayushpatelframework.TestCases.StandaloneTest">
        <test-method is-config="true" signature="goTo()[pri:0, instance:aayushpatelframework.TestCases.StandaloneTest@62ef27a8]" started-at="2022-10-07T14:20:25Z" name="goTo" finished-at="2022-10-07T14:20:38Z" duration-ms="13127" status="PASS">
          <reporter-output>
          </reporter-output>
        </test-method> <!-- goTo -->
        <test-method signature="E2Eorder(java.util.HashMap)[pri:0, instance:aayushpatelframework.TestCases.StandaloneTest@62ef27a8]" started-at="2022-10-07T14:20:38Z" name="E2Eorder" data-provider="getdata" finished-at="2022-10-07T14:20:51Z" duration-ms="13137" status="PASS">
          <params>
            <param index="0">
              <value>
                <![CDATA[{password=Aayush@123, product=zara coat 3, email=aayushp47@gmail.com}]]>
              </value>
            </param>
          </params>
          <reporter-output>
          </reporter-output>
        </test-method> <!-- E2Eorder -->
        <test-method is-config="true" signature="tearDown()[pri:0, instance:aayushpatelframework.TestCases.StandaloneTest@62ef27a8]" started-at="2022-10-07T14:20:51Z" name="tearDown" finished-at="2022-10-07T14:20:52Z" duration-ms="416" status="PASS">
          <reporter-output>
          </reporter-output>
        </test-method> <!-- tearDown -->
        <test-method is-config="true" signature="goTo()[pri:0, instance:aayushpatelframework.TestCases.StandaloneTest@62ef27a8]" started-at="2022-10-07T14:20:52Z" name="goTo" finished-at="2022-10-07T14:20:59Z" duration-ms="6985" status="PASS">
          <reporter-output>
          </reporter-output>
        </test-method> <!-- goTo -->
        <test-method signature="E2Eorder(java.util.HashMap)[pri:0, instance:aayushpatelframework.TestCases.StandaloneTest@62ef27a8]" started-at="2022-10-07T14:20:59Z" name="E2Eorder" data-provider="getdata" finished-at="2022-10-07T14:21:12Z" duration-ms="12723" status="PASS">
          <params>
            <param index="0">
              <value>
                <![CDATA[{password=Iamking@000, product=adidas original, email=shetty@gmail.com}]]>
              </value>
            </param>
          </params>
          <reporter-output>
          </reporter-output>
        </test-method> <!-- E2Eorder -->
        <test-method is-config="true" signature="tearDown()[pri:0, instance:aayushpatelframework.TestCases.StandaloneTest@62ef27a8]" started-at="2022-10-07T14:21:12Z" name="tearDown" finished-at="2022-10-07T14:21:12Z" duration-ms="335" status="PASS">
          <reporter-output>
          </reporter-output>
        </test-method> <!-- tearDown -->
        <test-method is-config="true" signature="goTo()[pri:0, instance:aayushpatelframework.TestCases.StandaloneTest@62ef27a8]" started-at="2022-10-07T14:21:12Z" name="goTo" finished-at="2022-10-07T14:21:18Z" duration-ms="6188" status="PASS">
          <reporter-output>
          </reporter-output>
        </test-method> <!-- goTo -->
        <test-method signature="OrderHistoryTest()[pri:0, instance:aayushpatelframework.TestCases.StandaloneTest@62ef27a8]" started-at="2022-10-07T14:21:18Z" name="OrderHistoryTest" finished-at="2022-10-07T14:21:21Z" depends-on-methods="aayushpatelframework.TestCases.StandaloneTest.E2Eorder" duration-ms="2862" status="PASS">
          <reporter-output>
          </reporter-output>
        </test-method> <!-- OrderHistoryTest -->
        <test-method is-config="true" signature="tearDown()[pri:0, instance:aayushpatelframework.TestCases.StandaloneTest@62ef27a8]" started-at="2022-10-07T14:21:21Z" name="tearDown" finished-at="2022-10-07T14:21:21Z" duration-ms="123" status="PASS">
          <reporter-output>
          </reporter-output>
        </test-method> <!-- tearDown -->
      </class> <!-- aayushpatelframework.TestCases.StandaloneTest -->
    </test> <!-- SubmitOrder -->
    <test started-at="2022-10-07T14:21:22Z" name="Error" finished-at="2022-10-07T14:21:59Z" duration-ms="37110">
      <class name="aayushpatelframework.TestCases.ErrorValidationTest">
        <test-method is-config="true" signature="goTo()[pri:0, instance:aayushpatelframework.TestCases.ErrorValidationTest@6d1ef78d]" started-at="2022-10-07T14:21:22Z" name="goTo" finished-at="2022-10-07T14:21:29Z" duration-ms="7252" status="PASS">
          <reporter-output>
          </reporter-output>
        </test-method> <!-- goTo -->
        <test-method signature="loginValidation()[pri:0, instance:aayushpatelframework.TestCases.ErrorValidationTest@6d1ef78d]" started-at="2022-10-07T14:21:29Z" name="loginValidation" finished-at="2022-10-07T14:21:31Z" duration-ms="1540" status="PASS">
          <reporter-output>
          </reporter-output>
        </test-method> <!-- loginValidation -->
        <test-method is-config="true" signature="tearDown()[pri:0, instance:aayushpatelframework.TestCases.ErrorValidationTest@6d1ef78d]" started-at="2022-10-07T14:21:31Z" name="tearDown" finished-at="2022-10-07T14:21:31Z" duration-ms="255" status="PASS">
          <reporter-output>
          </reporter-output>
        </test-method> <!-- tearDown -->
        <test-method is-config="true" signature="goTo()[pri:0, instance:aayushpatelframework.TestCases.ErrorValidationTest@6d1ef78d]" started-at="2022-10-07T14:21:31Z" name="goTo" finished-at="2022-10-07T14:21:38Z" duration-ms="6842" status="PASS">
          <reporter-output>
          </reporter-output>
        </test-method> <!-- goTo -->
        <test-method signature="loginValidationerror()[pri:0, instance:aayushpatelframework.TestCases.ErrorValidationTest@6d1ef78d]" started-at="2022-10-07T14:21:38Z" name="loginValidationerror" finished-at="2022-10-07T14:21:39Z" duration-ms="1318" status="FAIL">
          <exception class="java.lang.AssertionError">
            <message>
              <![CDATA[expected [Incorrect emai or password.] but found [Incorrect email or password.]]]>
            </message>
            <full-stacktrace>
              <![CDATA[java.lang.AssertionError: expected [Incorrect emai or password.] but found [Incorrect email or password.]
at org.testng.Assert.fail(Assert.java:96)
at org.testng.Assert.failNotEquals(Assert.java:776)
at org.testng.Assert.assertEqualsImpl(Assert.java:137)
at org.testng.Assert.assertEquals(Assert.java:118)
at org.testng.Assert.assertEquals(Assert.java:453)
at org.testng.Assert.assertEquals(Assert.java:463)
at aayushpatelframework.TestCases.ErrorValidationTest.loginValidationerror(ErrorValidationTest.java:24)
at java.base/jdk.internal.reflect.NativeMethodAccessorImpl.invoke0(Native Method)
at java.base/jdk.internal.reflect.NativeMethodAccessorImpl.invoke(NativeMethodAccessorImpl.java:77)
at java.base/jdk.internal.reflect.DelegatingMethodAccessorImpl.invoke(DelegatingMethodAccessorImpl.java:43)
at java.base/java.lang.reflect.Method.invoke(Method.java:568)
at org.testng.internal.MethodInvocationHelper.invokeMethod(MethodInvocationHelper.java:124)
at org.testng.internal.Invoker.invokeMethod(Invoker.java:583)
at org.testng.internal.Invoker.invokeTestMethod(Invoker.java:719)
at org.testng.internal.Invoker.invokeTestMethods(Invoker.java:989)
at org.testng.internal.TestMethodWorker.invokeTestMethods(TestMethodWorker.java:125)
at org.testng.internal.TestMethodWorker.run(TestMethodWorker.java:109)
at org.testng.TestRunner.privateRun(TestRunner.java:648)
at org.testng.TestRunner.run(TestRunner.java:505)
at org.testng.SuiteRunner.runTest(SuiteRunner.java:455)
at org.testng.SuiteRunner.runSequentially(SuiteRunner.java:450)
at org.testng.SuiteRunner.privateRun(SuiteRunner.java:415)
at org.testng.SuiteRunner.run(SuiteRunner.java:364)
at org.testng.SuiteRunnerWorker.runSuite(SuiteRunnerWorker.java:52)
at org.testng.SuiteRunnerWorker.run(SuiteRunnerWorker.java:84)
at org.testng.TestNG.runSuitesSequentially(TestNG.java:1208)
at org.testng.TestNG.runSuitesLocally(TestNG.java:1137)
at org.testng.TestNG.runSuites(TestNG.java:1049)
at org.testng.TestNG.run(TestNG.java:1017)
at org.apache.maven.surefire.testng.TestNGExecutor.run(TestNGExecutor.java:324)
at org.apache.maven.surefire.testng.TestNGXmlTestSuite.execute(TestNGXmlTestSuite.java:74)
at org.apache.maven.surefire.testng.TestNGProvider.invoke(TestNGProvider.java:123)
at org.apache.maven.surefire.booter.ForkedBooter.runSuitesInProcess(ForkedBooter.java:456)
at org.apache.maven.surefire.booter.ForkedBooter.execute(ForkedBooter.java:169)
at org.apache.maven.surefire.booter.ForkedBooter.run(ForkedBooter.java:595)
at org.apache.maven.surefire.booter.ForkedBooter.main(ForkedBooter.java:581)
]]>
            </full-stacktrace>
          </exception> <!-- java.lang.AssertionError -->
          <reporter-output>
          </reporter-output>
        </test-method> <!-- loginValidationerror -->
        <test-method is-config="true" signature="tearDown()[pri:0, instance:aayushpatelframework.TestCases.ErrorValidationTest@6d1ef78d]" started-at="2022-10-07T14:21:41Z" name="tearDown" finished-at="2022-10-07T14:21:41Z" duration-ms="188" status="PASS">
          <reporter-output>
          </reporter-output>
        </test-method> <!-- tearDown -->
        <test-method is-config="true" signature="goTo()[pri:0, instance:aayushpatelframework.TestCases.ErrorValidationTest@6d1ef78d]" started-at="2022-10-07T14:21:41Z" name="goTo" finished-at="2022-10-07T14:21:48Z" duration-ms="7322" status="PASS">
          <reporter-output>
          </reporter-output>
        </test-method> <!-- goTo -->
        <test-method signature="productValidation()[pri:0, instance:aayushpatelframework.TestCases.ErrorValidationTest@6d1ef78d]" started-at="2022-10-07T14:21:48Z" name="productValidation" finished-at="2022-10-07T14:21:59Z" duration-ms="10665" status="PASS">
          <reporter-output>
          </reporter-output>
        </test-method> <!-- productValidation -->
        <test-method is-config="true" signature="tearDown()[pri:0, instance:aayushpatelframework.TestCases.ErrorValidationTest@6d1ef78d]" started-at="2022-10-07T14:21:59Z" name="tearDown" finished-at="2022-10-07T14:21:59Z" duration-ms="394" status="PASS">
          <reporter-output>
          </reporter-output>
        </test-method> <!-- tearDown -->
      </class> <!-- aayushpatelframework.TestCases.ErrorValidationTest -->
    </test> <!-- Error -->
  </suite> <!-- Suite -->
</testng-results>
