<?xml version="1.0" encoding="UTF-8"?>
<testng-results ignored="0" total="6" passed="5" failed="1" skipped="0">
  <reporter-output>
  </reporter-output>
  <suite started-at="2022-10-06T15:59:49Z" name="Suite" finished-at="2022-10-06T16:00:47Z" duration-ms="57932">
    <groups>
      <group name="purchase">
        <method signature="StandaloneTest.E2Eorder(java.util.HashMap)[pri:0, instance:aayushpatelframework.TestCases.StandaloneTest@485a3466]" name="E2Eorder" class="aayushpatelframework.TestCases.StandaloneTest"/>
      </group> <!-- purchase -->
    </groups>
    <test started-at="2022-10-06T15:59:49Z" name="SubmitOrder" finished-at="2022-10-06T16:00:23Z" duration-ms="34145">
      <class name="aayushpatelframework.TestCases.StandaloneTest">
        <test-method is-config="true" signature="goTo()[pri:0, instance:aayushpatelframework.TestCases.StandaloneTest@485a3466]" started-at="2022-10-06T15:59:49Z" name="goTo" finished-at="2022-10-06T15:59:56Z" duration-ms="6671" status="PASS">
          <reporter-output>
          </reporter-output>
        </test-method> <!-- goTo -->
        <test-method signature="E2Eorder(java.util.HashMap)[pri:0, instance:aayushpatelframework.TestCases.StandaloneTest@485a3466]" started-at="2022-10-06T15:59:56Z" name="E2Eorder" data-provider="getdata" finished-at="2022-10-06T16:00:05Z" duration-ms="9671" status="PASS">
          <params>
            <param index="0">
              <value>
                <![CDATA[{password=Aayush@123, product=zara coat 3, email=aayushp47@gmail.com}]]>
              </value>
            </param>
          </params>
          <reporter-output>
          </reporter-output>
        </test-method> <!-- E2Eorder -->
        <test-method is-config="true" signature="tearDown()[pri:0, instance:aayushpatelframework.TestCases.StandaloneTest@485a3466]" started-at="2022-10-06T16:00:05Z" name="tearDown" finished-at="2022-10-06T16:00:06Z" duration-ms="150" status="PASS">
          <reporter-output>
          </reporter-output>
        </test-method> <!-- tearDown -->
        <test-method is-config="true" signature="goTo()[pri:0, instance:aayushpatelframework.TestCases.StandaloneTest@485a3466]" started-at="2022-10-06T16:00:06Z" name="goTo" finished-at="2022-10-06T16:00:09Z" duration-ms="3643" status="PASS">
          <reporter-output>
          </reporter-output>
        </test-method> <!-- goTo -->
        <test-method signature="E2Eorder(java.util.HashMap)[pri:0, instance:aayushpatelframework.TestCases.StandaloneTest@485a3466]" started-at="2022-10-06T16:00:09Z" name="E2Eorder" data-provider="getdata" finished-at="2022-10-06T16:00:19Z" duration-ms="9613" status="PASS">
          <params>
            <param index="0">
              <value>
                <![CDATA[{password=Iamking@000, product=adidas original, email=shetty@gmail.com}]]>
              </value>
            </param>
          </params>
          <reporter-output>
          </reporter-output>
        </test-method> <!-- E2Eorder -->
        <test-method is-config="true" signature="tearDown()[pri:0, instance:aayushpatelframework.TestCases.StandaloneTest@485a3466]" started-at="2022-10-06T16:00:19Z" name="tearDown" finished-at="2022-10-06T16:00:19Z" duration-ms="166" status="PASS">
          <reporter-output>
          </reporter-output>
        </test-method> <!-- tearDown -->
        <test-method is-config="true" signature="goTo()[pri:0, instance:aayushpatelframework.TestCases.StandaloneTest@485a3466]" started-at="2022-10-06T16:00:19Z" name="goTo" finished-at="2022-10-06T16:00:22Z" duration-ms="3236" status="PASS">
          <reporter-output>
          </reporter-output>
        </test-method> <!-- goTo -->
        <test-method signature="OrderHistoryTest()[pri:0, instance:aayushpatelframework.TestCases.StandaloneTest@485a3466]" started-at="2022-10-06T16:00:22Z" name="OrderHistoryTest" finished-at="2022-10-06T16:00:23Z" depends-on-methods="aayushpatelframework.TestCases.StandaloneTest.E2Eorder" duration-ms="617" status="PASS">
          <reporter-output>
          </reporter-output>
        </test-method> <!-- OrderHistoryTest -->
        <test-method is-config="true" signature="tearDown()[pri:0, instance:aayushpatelframework.TestCases.StandaloneTest@485a3466]" started-at="2022-10-06T16:00:23Z" name="tearDown" finished-at="2022-10-06T16:00:23Z" duration-ms="92" status="PASS">
          <reporter-output>
          </reporter-output>
        </test-method> <!-- tearDown -->
      </class> <!-- aayushpatelframework.TestCases.StandaloneTest -->
    </test> <!-- SubmitOrder -->
    <test started-at="2022-10-06T16:00:23Z" name="Error" finished-at="2022-10-06T16:00:47Z" duration-ms="23498">
      <class name="aayushpatelframework.TestCases.ErrorValidationTest">
        <test-method is-config="true" signature="goTo()[pri:0, instance:aayushpatelframework.TestCases.ErrorValidationTest@54227100]" started-at="2022-10-06T16:00:23Z" name="goTo" finished-at="2022-10-06T16:00:26Z" duration-ms="3254" status="PASS">
          <reporter-output>
          </reporter-output>
        </test-method> <!-- goTo -->
        <test-method signature="loginValidation()[pri:0, instance:aayushpatelframework.TestCases.ErrorValidationTest@54227100]" started-at="2022-10-06T16:00:26Z" name="loginValidation" finished-at="2022-10-06T16:00:27Z" duration-ms="505" status="PASS">
          <reporter-output>
          </reporter-output>
        </test-method> <!-- loginValidation -->
        <test-method is-config="true" signature="tearDown()[pri:0, instance:aayushpatelframework.TestCases.ErrorValidationTest@54227100]" started-at="2022-10-06T16:00:27Z" name="tearDown" finished-at="2022-10-06T16:00:31Z" duration-ms="3587" status="PASS">
          <reporter-output>
          </reporter-output>
        </test-method> <!-- tearDown -->
        <test-method is-config="true" signature="goTo()[pri:0, instance:aayushpatelframework.TestCases.ErrorValidationTest@54227100]" started-at="2022-10-06T16:00:31Z" name="goTo" finished-at="2022-10-06T16:00:34Z" duration-ms="3241" status="PASS">
          <reporter-output>
          </reporter-output>
        </test-method> <!-- goTo -->
        <test-method signature="loginValidationerror()[pri:0, instance:aayushpatelframework.TestCases.ErrorValidationTest@54227100]" started-at="2022-10-06T16:00:34Z" name="loginValidationerror" finished-at="2022-10-06T16:00:34Z" duration-ms="467" status="FAIL">
          <exception class="java.lang.AssertionError">
            <message>
              <![CDATA[expected [Incorrect emai or password.] but found [Incorrect email or password.]]]>
            </message>
            <full-stacktrace>
              <![CDATA[java.lang.AssertionError: expected [Incorrect emai or password.] but found [Incorrect email or password.]
at org.testng.Assert.fail(Assert.java:96)
at org.testng.Assert.failNotEquals(Assert.java:776)
at org.testng.Assert.assertEqualsImpl(Assert.java:137)
at org.testng.Assert.assertEquals(Assert.java:118)
at org.testng.Assert.assertEquals(Assert.java:453)
at org.testng.Assert.assertEquals(Assert.java:463)
at aayushpatelframework.TestCases.ErrorValidationTest.loginValidationerror(ErrorValidationTest.java:24)
at java.base/jdk.internal.reflect.NativeMethodAccessorImpl.invoke0(Native Method)
at java.base/jdk.internal.reflect.NativeMethodAccessorImpl.invoke(NativeMethodAccessorImpl.java:77)
at java.base/jdk.internal.reflect.DelegatingMethodAccessorImpl.invoke(DelegatingMethodAccessorImpl.java:43)
at java.base/java.lang.reflect.Method.invoke(Method.java:568)
at org.testng.internal.MethodInvocationHelper.invokeMethod(MethodInvocationHelper.java:124)
at org.testng.internal.Invoker.invokeMethod(Invoker.java:583)
at org.testng.internal.Invoker.invokeTestMethod(Invoker.java:719)
at org.testng.internal.Invoker.invokeTestMethods(Invoker.java:989)
at org.testng.internal.TestMethodWorker.invokeTestMethods(TestMethodWorker.java:125)
at org.testng.internal.TestMethodWorker.run(TestMethodWorker.java:109)
at org.testng.TestRunner.privateRun(TestRunner.java:648)
at org.testng.TestRunner.run(TestRunner.java:505)
at org.testng.SuiteRunner.runTest(SuiteRunner.java:455)
at org.testng.SuiteRunner.runSequentially(SuiteRunner.java:450)
at org.testng.SuiteRunner.privateRun(SuiteRunner.java:415)
at org.testng.SuiteRunner.run(SuiteRunner.java:364)
at org.testng.SuiteRunnerWorker.runSuite(SuiteRunnerWorker.java:52)
at org.testng.SuiteRunnerWorker.run(SuiteRunnerWorker.java:84)
at org.testng.TestNG.runSuitesSequentially(TestNG.java:1208)
at org.testng.TestNG.runSuitesLocally(TestNG.java:1137)
at org.testng.TestNG.runSuites(TestNG.java:1049)
at org.testng.TestNG.run(TestNG.java:1017)
at org.testng.remote.AbstractRemoteTestNG.run(AbstractRemoteTestNG.java:115)
at org.testng.remote.RemoteTestNG.initAndRun(RemoteTestNG.java:251)
at org.testng.remote.RemoteTestNG.main(RemoteTestNG.java:77)
]]>
            </full-stacktrace>
          </exception> <!-- java.lang.AssertionError -->
          <reporter-output>
          </reporter-output>
        </test-method> <!-- loginValidationerror -->
        <test-method is-config="true" signature="tearDown()[pri:0, instance:aayushpatelframework.TestCases.ErrorValidationTest@54227100]" started-at="2022-10-06T16:00:35Z" name="tearDown" finished-at="2022-10-06T16:00:35Z" duration-ms="104" status="PASS">
          <reporter-output>
          </reporter-output>
        </test-method> <!-- tearDown -->
        <test-method is-config="true" signature="goTo()[pri:0, instance:aayushpatelframework.TestCases.ErrorValidationTest@54227100]" started-at="2022-10-06T16:00:35Z" name="goTo" finished-at="2022-10-06T16:00:38Z" duration-ms="3288" status="PASS">
          <reporter-output>
          </reporter-output>
        </test-method> <!-- goTo -->
        <test-method signature="productValidation()[pri:0, instance:aayushpatelframework.TestCases.ErrorValidationTest@54227100]" started-at="2022-10-06T16:00:38Z" name="productValidation" finished-at="2022-10-06T16:00:47Z" duration-ms="8538" status="PASS">
          <reporter-output>
          </reporter-output>
        </test-method> <!-- productValidation -->
        <test-method is-config="true" signature="tearDown()[pri:0, instance:aayushpatelframework.TestCases.ErrorValidationTest@54227100]" started-at="2022-10-06T16:00:47Z" name="tearDown" finished-at="2022-10-06T16:00:47Z" duration-ms="152" status="PASS">
          <reporter-output>
          </reporter-output>
        </test-method> <!-- tearDown -->
      </class> <!-- aayushpatelframework.TestCases.ErrorValidationTest -->
    </test> <!-- Error -->
  </suite> <!-- Suite -->
</testng-results>
